2023-01-07-23:55:25 INFO  configure reports initiated
2023-01-07-23:55:25 INFO  configure extent report sucess
2023-01-07-23:55:25 INFO  setDriver initiated 
2023-01-07-23:55:35 INFO  configure reports initiated
2023-01-07-23:55:35 INFO  configure extent report sucess
2023-01-07-23:55:35 INFO  setDriver initiated 
2023-01-07-23:55:38 INFO  driver started 
2023-01-07-23:55:39 INFO  username entered
2023-01-07-23:55:48 INFO  Accounts link clicked
2023-01-07-23:55:49 INFO  newview link clicked
2023-01-07-23:55:49 INFO  view name entered
2023-01-07-23:55:49 INFO  uniqueview name entered
2023-01-07-23:55:55 INFO  save btn clicked
2023-01-07-23:56:00 INFO  remove sucess 
2023-01-07-23:56:51 INFO  configure reports initiated
2023-01-07-23:56:52 INFO  configure extent report sucess
2023-01-07-23:56:52 INFO  setDriver initiated 
2023-01-07-23:56:54 INFO  driver started 
2023-01-07-23:56:55 INFO  username entered
2023-01-07-23:57:06 INFO  Accounts link clicked
2023-01-07-23:57:06 INFO  newview link clicked
2023-01-07-23:57:07 INFO  view name entered
2023-01-07-23:57:07 INFO  uniqueview name entered
2023-01-07-23:57:13 INFO  save btn clicked
2023-01-07-23:57:20 INFO  remove sucess 
2023-01-08-00:00:27 INFO  configure reports initiated
2023-01-08-00:00:27 INFO  configure extent report sucess
2023-01-08-00:00:27 INFO  setDriver initiated 
2023-01-08-00:00:29 INFO  driver started 
2023-01-08-00:00:31 INFO  username entered
2023-01-08-00:00:38 INFO  remove sucess 
2023-01-08-00:01:39 INFO  configure reports initiated
2023-01-08-00:01:40 INFO  configure extent report sucess
2023-01-08-00:01:40 INFO  setDriver initiated 
2023-01-08-00:01:42 INFO  driver started 
2023-01-08-00:01:43 INFO  username entered
2023-01-08-00:01:52 INFO  Accounts link clicked
2023-01-08-00:01:53 INFO  newview link clicked
2023-01-08-00:01:53 INFO  view name entered
2023-01-08-00:01:53 INFO  uniqueview name entered
2023-01-08-00:02:00 INFO  save btn clicked
2023-01-08-00:02:06 INFO  remove sucess 
2023-01-08-00:26:57 INFO  configure reports initiated
2023-01-08-00:26:58 INFO  configure extent report sucess
2023-01-08-00:26:58 INFO  setDriver initiated 
2023-01-08-00:27:01 INFO  driver started 
2023-01-08-00:27:03 INFO  username entered
2023-01-08-00:27:08 INFO  Accounts link clicked
2023-01-08-00:27:10 INFO  newview link clicked
2023-01-08-00:27:12 INFO  view name entered
2023-01-08-00:27:13 INFO  uniqueview name entered
2023-01-08-00:27:18 INFO  save btn clicked
2023-01-08-00:27:23 INFO  remove sucess 
2023-01-08-00:27:32 INFO  configure reports initiated
2023-01-08-00:27:33 INFO  configure extent report sucess
2023-01-08-00:27:33 INFO  setDriver initiated 
2023-01-08-00:27:36 INFO  driver started 
2023-01-08-00:27:37 INFO  username entered
2023-01-08-00:27:43 INFO  Accounts link clicked
2023-01-08-00:27:44 INFO  newview link clicked
2023-01-08-00:27:46 INFO  view name entered
2023-01-08-00:27:47 INFO  uniqueview name entered
2023-01-08-00:27:52 INFO  save btn clicked
2023-01-08-00:27:58 INFO  remove sucess 
2023-01-08-00:28:39 INFO  configure reports initiated
2023-01-08-00:28:39 INFO  configure extent report sucess
2023-01-08-00:28:39 INFO  setDriver initiated 
2023-01-08-00:28:44 INFO  driver started 
2023-01-08-00:28:46 INFO  username entered
2023-01-08-00:29:14 INFO  remove sucess 
